warning: `VIRTUAL_ENV=/Users/adirelmakais/Library/CloudStorage/GoogleDrive-adir4455@gmail.com/My Drive/Academy/בר אילן תואר שני/סדנה בוייב קודינג/Assignment1-DroneRL-SmartCityDroneDelivery/.venv` does not match the project environment path `.venv` and will be ignored; use `--active` to target the active environment instead
splits: {'train': 1747, 'validation': 374, 'test': 376}
ep   1/12  reward=+0.1901  final=6967.3  eps=0.995  loss=0.0008
ep   2/12  reward=+5.9059  final=15621.2  eps=0.990  loss=0.0009
ep   3/12  reward=+2.7845  final=9856.7  eps=0.985  loss=0.0011
ep   4/12  reward=+2.2388  final=10634.0  eps=0.980  loss=0.0013
ep   5/12  reward=+3.1679  final=11661.8  eps=0.975  loss=0.0012
ep   6/12  reward=+9.9407  final=22366.5  eps=0.970  loss=0.0011
ep   7/12  reward=+10.4483  final=19693.3  eps=0.966  loss=0.0009
ep   8/12  reward=-0.9744  final=8365.4  eps=0.961  loss=0.0009
ep   9/12  reward=+6.9640  final=16583.0  eps=0.956  loss=0.0008
ep  10/12  reward=+9.1354  final=17261.8  eps=0.951  loss=0.0008
ep  11/12  reward=+5.7341  final=10987.3  eps=0.946  loss=0.0008
ep  12/12  reward=+9.8138  final=15156.9  eps=0.942  loss=0.0008
{
  "total_return": -0.14945219762059347,
  "benchmark_return": 0.12077276459354036,
  "sharpe_ratio": -0.5797451114002472,
  "max_drawdown": 0.2173818762924792,
  "win_rate": 0.35,
  "num_trades": 80,
  "ticker": "AAPL",
  "period": "2014-01-01..2024-01-01",
  "episodes": 12,
  "splits": {
    "train": 1747,
    "validation": 374,
    "test": 376
  },
  "recommendation": "sell"
}
